2023.09.25 11:33:36 INFO  Started: Metals version 1.0.1 in folders 'C:\xampp\htdocs\GroupProject' for client Visual Studio Code 1.82.2.
Sep 25, 2023 11:33:36 AM org.flywaydb.core.internal.license.VersionPrinter printVersionOnly
INFO: Flyway Community Edition 9.21.2 by Redgate
Sep 25, 2023 11:33:36 AM org.flywaydb.core.internal.license.VersionPrinter printVersion
INFO: See release notes here: https://rd.gt/416ObMi
Sep 25, 2023 11:33:36 AM org.flywaydb.core.internal.license.VersionPrinter printVersion
INFO: 
Sep 25, 2023 11:33:37 AM org.flywaydb.core.FlywayExecutor execute
INFO: Database: jdbc:h2:file:C:\xampp\htdocs\GroupProject\.metals\metals (H2 2.1)
Sep 25, 2023 11:33:37 AM org.flywaydb.core.internal.schemahistory.JdbcTableSchemaHistory allAppliedMigrations
INFO: Schema history table "PUBLIC"."flyway_schema_history" does not exist yet
Sep 25, 2023 11:33:37 AM org.flywaydb.core.internal.command.DbValidate validate
INFO: Successfully validated 4 migrations (execution time 00:00.016s)
Sep 25, 2023 11:33:37 AM org.flywaydb.core.internal.schemahistory.JdbcTableSchemaHistory create
INFO: Creating Schema History table "PUBLIC"."flyway_schema_history" ...
Sep 25, 2023 11:33:37 AM org.flywaydb.core.internal.command.DbMigrate migrateGroup
INFO: Current version of schema "PUBLIC": << Empty Schema >>
Sep 25, 2023 11:33:37 AM org.flywaydb.core.internal.command.DbMigrate doMigrateGroup
INFO: Migrating schema "PUBLIC" to version "1 - Create tables"
Sep 25, 2023 11:33:37 AM org.flywaydb.core.internal.command.DbMigrate doMigrateGroup
INFO: Migrating schema "PUBLIC" to version "2 - Server discovery"
Sep 25, 2023 11:33:37 AM org.flywaydb.core.internal.command.DbMigrate doMigrateGroup
INFO: Migrating schema "PUBLIC" to version "3 - Jar symbols"
Sep 25, 2023 11:33:37 AM org.flywaydb.core.internal.command.DbMigrate doMigrateGroup
INFO: Migrating schema "PUBLIC" to version "4 - Fingerprints"
Sep 25, 2023 11:33:37 AM org.flywaydb.core.internal.command.DbMigrate logSummary
INFO: Successfully applied 4 migrations to schema "PUBLIC", now at version v4 (execution time 00:00.029s)
2023.09.25 11:33:37 INFO  time: initialize in 0.64s
2023.09.25 11:33:39 WARN  Build server is not auto-connectable.
2023.09.25 11:33:39 WARN  no build tool detected in workspace 'C:\xampp\htdocs\GroupProject'. The most common cause for this problem is that the editor was opened in the wrong working directory, for example if you use sbt then the workspace directory should contain build.sbt. 
Sep 25, 2023 11:34:06 AM org.eclipse.lsp4j.jsonrpc.services.GenericEndpoint notify
INFO: Unsupported notification method: $/setTrace
Sep 25, 2023 12:13:37 PM org.eclipse.lsp4j.jsonrpc.services.GenericEndpoint notify
INFO: Unsupported notification method: $/setTrace
